
*** Running vivado
    with args -log top_basys3.vds -m64 -product Vivado -mode batch -messageDb vivado.pb -notrace -source top_basys3.tcl



****** Vivado v2025.1 (64-bit)
  **** SW Build 6140274 on Thu May 22 00:12:29 MDT 2025
  **** IP Build 6138677 on Thu May 22 03:10:11 MDT 2025
  **** SharedData Build 6139179 on Tue May 20 17:58:58 MDT 2025
  **** Start of session at: Sun Oct 19 11:32:12 2025
    ** Copyright 1986-2022 Xilinx, Inc. All Rights Reserved.
    ** Copyright 2022-2025 Advanced Micro Devices, Inc. All Rights Reserved.

source top_basys3.tcl -notrace
Command: read_checkpoint -auto_incremental -incremental C:/Users/Juan/Desktop/ARQUI-FINAL/project_6.srcs/utils_1/imports/synth_1/top.dcp
INFO: [Vivado 12-5825] Read reference checkpoint from C:/Users/Juan/Desktop/ARQUI-FINAL/project_6.srcs/utils_1/imports/synth_1/top.dcp for incremental synthesis
INFO: [Vivado 12-7989] Please ensure there are no constraint changes
Command: synth_design -top top_basys3 -part xc7a35tcpg236-1
Starting synth_design
Attempting to get a license for feature 'Synthesis' and/or device 'xc7a35t'
INFO: [Common 17-349] Got license for feature 'Synthesis' and/or device 'xc7a35t'
INFO: [Device 21-403] Loading part xc7a35tcpg236-1
INFO: [Designutils 20-5440] No compile time benefit to using incremental synthesis; A full resynthesis will be run
INFO: [Designutils 20-4379] Flow is switching to default flow due to incremental criteria not met. If you would like to alter this behaviour and have the flow terminate instead, please set the following parameter config_implementation {autoIncr.Synth.RejectBehavior Terminate}
INFO: [Synth 8-7079] Multithreading enabled for synth_design using a maximum of 2 processes.
INFO: [Synth 8-7078] Launching helper process for spawning children vivado processes
INFO: [Synth 8-7075] Helper process launched with PID 20456
---------------------------------------------------------------------------------
Starting RTL Elaboration : Time (s): cpu = 00:00:03 ; elapsed = 00:00:04 . Memory (MB): peak = 1180.000 ; gain = 494.723
---------------------------------------------------------------------------------
INFO: [Synth 8-6157] synthesizing module 'top_basys3' [C:/Users/Juan/Desktop/ARQUI-FINAL/project_6.srcs/sources_1/new/top_basys3.v:13]
INFO: [Synth 8-6157] synthesizing module 'fp_alu' [C:/Users/Juan/Desktop/ARQUI-FINAL/project_6.srcs/sources_1/new/fp_alu.v:4]
INFO: [Synth 8-6157] synthesizing module 'alu_controller' [C:/Users/Juan/Desktop/ARQUI-FINAL/project_6.srcs/sources_1/new/alu_controller.v:3]
INFO: [Synth 8-6155] done synthesizing module 'alu_controller' (0#1) [C:/Users/Juan/Desktop/ARQUI-FINAL/project_6.srcs/sources_1/new/alu_controller.v:3]
INFO: [Synth 8-6157] synthesizing module 'fp_addsub' [C:/Users/Juan/Desktop/ARQUI-FINAL/project_6.srcs/sources_1/new/fp_addsubb.v:5]
	Parameter W bound to: 16 - type: integer 
	Parameter E bound to: 5 - type: integer 
	Parameter M bound to: 10 - type: integer 
WARNING: [Synth 8-324] index 14 out of range [C:/Users/Juan/Desktop/ARQUI-FINAL/project_6.srcs/sources_1/new/fp_addsubb.v:126]
WARNING: [Synth 8-324] index 15 out of range [C:/Users/Juan/Desktop/ARQUI-FINAL/project_6.srcs/sources_1/new/fp_addsubb.v:126]
WARNING: [Synth 8-324] index 16 out of range [C:/Users/Juan/Desktop/ARQUI-FINAL/project_6.srcs/sources_1/new/fp_addsubb.v:126]
WARNING: [Synth 8-324] index 17 out of range [C:/Users/Juan/Desktop/ARQUI-FINAL/project_6.srcs/sources_1/new/fp_addsubb.v:126]
WARNING: [Synth 8-324] index 18 out of range [C:/Users/Juan/Desktop/ARQUI-FINAL/project_6.srcs/sources_1/new/fp_addsubb.v:126]
WARNING: [Synth 8-324] index 19 out of range [C:/Users/Juan/Desktop/ARQUI-FINAL/project_6.srcs/sources_1/new/fp_addsubb.v:126]
WARNING: [Synth 8-324] index 20 out of range [C:/Users/Juan/Desktop/ARQUI-FINAL/project_6.srcs/sources_1/new/fp_addsubb.v:126]
WARNING: [Synth 8-324] index 21 out of range [C:/Users/Juan/Desktop/ARQUI-FINAL/project_6.srcs/sources_1/new/fp_addsubb.v:126]
WARNING: [Synth 8-324] index 22 out of range [C:/Users/Juan/Desktop/ARQUI-FINAL/project_6.srcs/sources_1/new/fp_addsubb.v:126]
WARNING: [Synth 8-324] index 23 out of range [C:/Users/Juan/Desktop/ARQUI-FINAL/project_6.srcs/sources_1/new/fp_addsubb.v:126]
WARNING: [Synth 8-324] index 24 out of range [C:/Users/Juan/Desktop/ARQUI-FINAL/project_6.srcs/sources_1/new/fp_addsubb.v:126]
WARNING: [Synth 8-324] index 25 out of range [C:/Users/Juan/Desktop/ARQUI-FINAL/project_6.srcs/sources_1/new/fp_addsubb.v:126]
WARNING: [Synth 8-324] index 26 out of range [C:/Users/Juan/Desktop/ARQUI-FINAL/project_6.srcs/sources_1/new/fp_addsubb.v:126]
WARNING: [Synth 8-324] index 27 out of range [C:/Users/Juan/Desktop/ARQUI-FINAL/project_6.srcs/sources_1/new/fp_addsubb.v:126]
WARNING: [Synth 8-324] index 28 out of range [C:/Users/Juan/Desktop/ARQUI-FINAL/project_6.srcs/sources_1/new/fp_addsubb.v:126]
WARNING: [Synth 8-324] index 29 out of range [C:/Users/Juan/Desktop/ARQUI-FINAL/project_6.srcs/sources_1/new/fp_addsubb.v:126]
WARNING: [Synth 8-324] index 30 out of range [C:/Users/Juan/Desktop/ARQUI-FINAL/project_6.srcs/sources_1/new/fp_addsubb.v:126]
WARNING: [Synth 8-324] index 31 out of range [C:/Users/Juan/Desktop/ARQUI-FINAL/project_6.srcs/sources_1/new/fp_addsubb.v:126]
WARNING: [Synth 8-324] index 32 out of range [C:/Users/Juan/Desktop/ARQUI-FINAL/project_6.srcs/sources_1/new/fp_addsubb.v:126]
WARNING: [Synth 8-324] index 33 out of range [C:/Users/Juan/Desktop/ARQUI-FINAL/project_6.srcs/sources_1/new/fp_addsubb.v:126]
WARNING: [Synth 8-324] index 34 out of range [C:/Users/Juan/Desktop/ARQUI-FINAL/project_6.srcs/sources_1/new/fp_addsubb.v:126]
WARNING: [Synth 8-324] index 35 out of range [C:/Users/Juan/Desktop/ARQUI-FINAL/project_6.srcs/sources_1/new/fp_addsubb.v:126]
WARNING: [Synth 8-324] index 36 out of range [C:/Users/Juan/Desktop/ARQUI-FINAL/project_6.srcs/sources_1/new/fp_addsubb.v:126]
WARNING: [Synth 8-324] index 37 out of range [C:/Users/Juan/Desktop/ARQUI-FINAL/project_6.srcs/sources_1/new/fp_addsubb.v:126]
WARNING: [Synth 8-324] index 38 out of range [C:/Users/Juan/Desktop/ARQUI-FINAL/project_6.srcs/sources_1/new/fp_addsubb.v:126]
WARNING: [Synth 8-324] index 39 out of range [C:/Users/Juan/Desktop/ARQUI-FINAL/project_6.srcs/sources_1/new/fp_addsubb.v:126]
WARNING: [Synth 8-324] index 40 out of range [C:/Users/Juan/Desktop/ARQUI-FINAL/project_6.srcs/sources_1/new/fp_addsubb.v:126]
WARNING: [Synth 8-324] index 41 out of range [C:/Users/Juan/Desktop/ARQUI-FINAL/project_6.srcs/sources_1/new/fp_addsubb.v:126]
WARNING: [Synth 8-324] index 42 out of range [C:/Users/Juan/Desktop/ARQUI-FINAL/project_6.srcs/sources_1/new/fp_addsubb.v:126]
WARNING: [Synth 8-324] index 43 out of range [C:/Users/Juan/Desktop/ARQUI-FINAL/project_6.srcs/sources_1/new/fp_addsubb.v:126]
WARNING: [Synth 8-324] index 44 out of range [C:/Users/Juan/Desktop/ARQUI-FINAL/project_6.srcs/sources_1/new/fp_addsubb.v:126]
WARNING: [Synth 8-324] index 45 out of range [C:/Users/Juan/Desktop/ARQUI-FINAL/project_6.srcs/sources_1/new/fp_addsubb.v:126]
WARNING: [Synth 8-324] index 46 out of range [C:/Users/Juan/Desktop/ARQUI-FINAL/project_6.srcs/sources_1/new/fp_addsubb.v:126]
WARNING: [Synth 8-324] index 47 out of range [C:/Users/Juan/Desktop/ARQUI-FINAL/project_6.srcs/sources_1/new/fp_addsubb.v:126]
WARNING: [Synth 8-324] index 48 out of range [C:/Users/Juan/Desktop/ARQUI-FINAL/project_6.srcs/sources_1/new/fp_addsubb.v:126]
WARNING: [Synth 8-324] index 49 out of range [C:/Users/Juan/Desktop/ARQUI-FINAL/project_6.srcs/sources_1/new/fp_addsubb.v:126]
WARNING: [Synth 8-324] index 50 out of range [C:/Users/Juan/Desktop/ARQUI-FINAL/project_6.srcs/sources_1/new/fp_addsubb.v:126]
WARNING: [Synth 8-324] index 51 out of range [C:/Users/Juan/Desktop/ARQUI-FINAL/project_6.srcs/sources_1/new/fp_addsubb.v:126]
WARNING: [Synth 8-324] index 52 out of range [C:/Users/Juan/Desktop/ARQUI-FINAL/project_6.srcs/sources_1/new/fp_addsubb.v:126]
WARNING: [Synth 8-324] index 53 out of range [C:/Users/Juan/Desktop/ARQUI-FINAL/project_6.srcs/sources_1/new/fp_addsubb.v:126]
WARNING: [Synth 8-324] index 54 out of range [C:/Users/Juan/Desktop/ARQUI-FINAL/project_6.srcs/sources_1/new/fp_addsubb.v:126]
WARNING: [Synth 8-324] index 55 out of range [C:/Users/Juan/Desktop/ARQUI-FINAL/project_6.srcs/sources_1/new/fp_addsubb.v:126]
WARNING: [Synth 8-324] index 56 out of range [C:/Users/Juan/Desktop/ARQUI-FINAL/project_6.srcs/sources_1/new/fp_addsubb.v:126]
WARNING: [Synth 8-324] index 57 out of range [C:/Users/Juan/Desktop/ARQUI-FINAL/project_6.srcs/sources_1/new/fp_addsubb.v:126]
WARNING: [Synth 8-324] index 58 out of range [C:/Users/Juan/Desktop/ARQUI-FINAL/project_6.srcs/sources_1/new/fp_addsubb.v:126]
WARNING: [Synth 8-324] index 59 out of range [C:/Users/Juan/Desktop/ARQUI-FINAL/project_6.srcs/sources_1/new/fp_addsubb.v:126]
WARNING: [Synth 8-324] index 60 out of range [C:/Users/Juan/Desktop/ARQUI-FINAL/project_6.srcs/sources_1/new/fp_addsubb.v:126]
WARNING: [Synth 8-324] index 61 out of range [C:/Users/Juan/Desktop/ARQUI-FINAL/project_6.srcs/sources_1/new/fp_addsubb.v:126]
WARNING: [Synth 8-324] index 62 out of range [C:/Users/Juan/Desktop/ARQUI-FINAL/project_6.srcs/sources_1/new/fp_addsubb.v:126]
INFO: [Synth 8-6155] done synthesizing module 'fp_addsub' (0#1) [C:/Users/Juan/Desktop/ARQUI-FINAL/project_6.srcs/sources_1/new/fp_addsubb.v:5]
INFO: [Synth 8-6157] synthesizing module 'fp_mul' [C:/Users/Juan/Desktop/ARQUI-FINAL/project_6.srcs/sources_1/new/fp_mul.v:5]
	Parameter W bound to: 16 - type: integer 
	Parameter E bound to: 5 - type: integer 
	Parameter M bound to: 10 - type: integer 
INFO: [Synth 8-6155] done synthesizing module 'fp_mul' (0#1) [C:/Users/Juan/Desktop/ARQUI-FINAL/project_6.srcs/sources_1/new/fp_mul.v:5]
INFO: [Synth 8-6157] synthesizing module 'fp_div' [C:/Users/Juan/Desktop/ARQUI-FINAL/project_6.srcs/sources_1/new/fp_div.v:5]
	Parameter W bound to: 16 - type: integer 
	Parameter E bound to: 5 - type: integer 
	Parameter M bound to: 10 - type: integer 
INFO: [Synth 8-6155] done synthesizing module 'fp_div' (0#1) [C:/Users/Juan/Desktop/ARQUI-FINAL/project_6.srcs/sources_1/new/fp_div.v:5]
INFO: [Synth 8-6157] synthesizing module 'fp_addsub__parameterized0' [C:/Users/Juan/Desktop/ARQUI-FINAL/project_6.srcs/sources_1/new/fp_addsubb.v:5]
	Parameter W bound to: 32 - type: integer 
	Parameter E bound to: 8 - type: integer 
	Parameter M bound to: 23 - type: integer 
WARNING: [Synth 8-324] index 27 out of range [C:/Users/Juan/Desktop/ARQUI-FINAL/project_6.srcs/sources_1/new/fp_addsubb.v:126]
WARNING: [Synth 8-324] index 28 out of range [C:/Users/Juan/Desktop/ARQUI-FINAL/project_6.srcs/sources_1/new/fp_addsubb.v:126]
WARNING: [Synth 8-324] index 29 out of range [C:/Users/Juan/Desktop/ARQUI-FINAL/project_6.srcs/sources_1/new/fp_addsubb.v:126]
WARNING: [Synth 8-324] index 30 out of range [C:/Users/Juan/Desktop/ARQUI-FINAL/project_6.srcs/sources_1/new/fp_addsubb.v:126]
WARNING: [Synth 8-324] index 31 out of range [C:/Users/Juan/Desktop/ARQUI-FINAL/project_6.srcs/sources_1/new/fp_addsubb.v:126]
WARNING: [Synth 8-324] index 32 out of range [C:/Users/Juan/Desktop/ARQUI-FINAL/project_6.srcs/sources_1/new/fp_addsubb.v:126]
WARNING: [Synth 8-324] index 33 out of range [C:/Users/Juan/Desktop/ARQUI-FINAL/project_6.srcs/sources_1/new/fp_addsubb.v:126]
WARNING: [Synth 8-324] index 34 out of range [C:/Users/Juan/Desktop/ARQUI-FINAL/project_6.srcs/sources_1/new/fp_addsubb.v:126]
WARNING: [Synth 8-324] index 35 out of range [C:/Users/Juan/Desktop/ARQUI-FINAL/project_6.srcs/sources_1/new/fp_addsubb.v:126]
WARNING: [Synth 8-324] index 36 out of range [C:/Users/Juan/Desktop/ARQUI-FINAL/project_6.srcs/sources_1/new/fp_addsubb.v:126]
WARNING: [Synth 8-324] index 37 out of range [C:/Users/Juan/Desktop/ARQUI-FINAL/project_6.srcs/sources_1/new/fp_addsubb.v:126]
WARNING: [Synth 8-324] index 38 out of range [C:/Users/Juan/Desktop/ARQUI-FINAL/project_6.srcs/sources_1/new/fp_addsubb.v:126]
WARNING: [Synth 8-324] index 39 out of range [C:/Users/Juan/Desktop/ARQUI-FINAL/project_6.srcs/sources_1/new/fp_addsubb.v:126]
WARNING: [Synth 8-324] index 40 out of range [C:/Users/Juan/Desktop/ARQUI-FINAL/project_6.srcs/sources_1/new/fp_addsubb.v:126]
WARNING: [Synth 8-324] index 41 out of range [C:/Users/Juan/Desktop/ARQUI-FINAL/project_6.srcs/sources_1/new/fp_addsubb.v:126]
WARNING: [Synth 8-324] index 42 out of range [C:/Users/Juan/Desktop/ARQUI-FINAL/project_6.srcs/sources_1/new/fp_addsubb.v:126]
WARNING: [Synth 8-324] index 43 out of range [C:/Users/Juan/Desktop/ARQUI-FINAL/project_6.srcs/sources_1/new/fp_addsubb.v:126]
WARNING: [Synth 8-324] index 44 out of range [C:/Users/Juan/Desktop/ARQUI-FINAL/project_6.srcs/sources_1/new/fp_addsubb.v:126]
WARNING: [Synth 8-324] index 45 out of range [C:/Users/Juan/Desktop/ARQUI-FINAL/project_6.srcs/sources_1/new/fp_addsubb.v:126]
WARNING: [Synth 8-324] index 46 out of range [C:/Users/Juan/Desktop/ARQUI-FINAL/project_6.srcs/sources_1/new/fp_addsubb.v:126]
WARNING: [Synth 8-324] index 47 out of range [C:/Users/Juan/Desktop/ARQUI-FINAL/project_6.srcs/sources_1/new/fp_addsubb.v:126]
WARNING: [Synth 8-324] index 48 out of range [C:/Users/Juan/Desktop/ARQUI-FINAL/project_6.srcs/sources_1/new/fp_addsubb.v:126]
WARNING: [Synth 8-324] index 49 out of range [C:/Users/Juan/Desktop/ARQUI-FINAL/project_6.srcs/sources_1/new/fp_addsubb.v:126]
WARNING: [Synth 8-324] index 50 out of range [C:/Users/Juan/Desktop/ARQUI-FINAL/project_6.srcs/sources_1/new/fp_addsubb.v:126]
WARNING: [Synth 8-324] index 51 out of range [C:/Users/Juan/Desktop/ARQUI-FINAL/project_6.srcs/sources_1/new/fp_addsubb.v:126]
WARNING: [Synth 8-324] index 52 out of range [C:/Users/Juan/Desktop/ARQUI-FINAL/project_6.srcs/sources_1/new/fp_addsubb.v:126]
WARNING: [Synth 8-324] index 53 out of range [C:/Users/Juan/Desktop/ARQUI-FINAL/project_6.srcs/sources_1/new/fp_addsubb.v:126]
WARNING: [Synth 8-324] index 54 out of range [C:/Users/Juan/Desktop/ARQUI-FINAL/project_6.srcs/sources_1/new/fp_addsubb.v:126]
WARNING: [Synth 8-324] index 55 out of range [C:/Users/Juan/Desktop/ARQUI-FINAL/project_6.srcs/sources_1/new/fp_addsubb.v:126]
WARNING: [Synth 8-324] index 56 out of range [C:/Users/Juan/Desktop/ARQUI-FINAL/project_6.srcs/sources_1/new/fp_addsubb.v:126]
WARNING: [Synth 8-324] index 57 out of range [C:/Users/Juan/Desktop/ARQUI-FINAL/project_6.srcs/sources_1/new/fp_addsubb.v:126]
WARNING: [Synth 8-324] index 58 out of range [C:/Users/Juan/Desktop/ARQUI-FINAL/project_6.srcs/sources_1/new/fp_addsubb.v:126]
WARNING: [Synth 8-324] index 59 out of range [C:/Users/Juan/Desktop/ARQUI-FINAL/project_6.srcs/sources_1/new/fp_addsubb.v:126]
WARNING: [Synth 8-324] index 60 out of range [C:/Users/Juan/Desktop/ARQUI-FINAL/project_6.srcs/sources_1/new/fp_addsubb.v:126]
WARNING: [Synth 8-324] index 61 out of range [C:/Users/Juan/Desktop/ARQUI-FINAL/project_6.srcs/sources_1/new/fp_addsubb.v:126]
WARNING: [Synth 8-324] index 62 out of range [C:/Users/Juan/Desktop/ARQUI-FINAL/project_6.srcs/sources_1/new/fp_addsubb.v:126]
WARNING: [Synth 8-324] index 63 out of range [C:/Users/Juan/Desktop/ARQUI-FINAL/project_6.srcs/sources_1/new/fp_addsubb.v:126]
WARNING: [Synth 8-324] index 64 out of range [C:/Users/Juan/Desktop/ARQUI-FINAL/project_6.srcs/sources_1/new/fp_addsubb.v:126]
WARNING: [Synth 8-324] index 65 out of range [C:/Users/Juan/Desktop/ARQUI-FINAL/project_6.srcs/sources_1/new/fp_addsubb.v:126]
WARNING: [Synth 8-324] index 66 out of range [C:/Users/Juan/Desktop/ARQUI-FINAL/project_6.srcs/sources_1/new/fp_addsubb.v:126]
WARNING: [Synth 8-324] index 67 out of range [C:/Users/Juan/Desktop/ARQUI-FINAL/project_6.srcs/sources_1/new/fp_addsubb.v:126]
WARNING: [Synth 8-324] index 68 out of range [C:/Users/Juan/Desktop/ARQUI-FINAL/project_6.srcs/sources_1/new/fp_addsubb.v:126]
WARNING: [Synth 8-324] index 69 out of range [C:/Users/Juan/Desktop/ARQUI-FINAL/project_6.srcs/sources_1/new/fp_addsubb.v:126]
WARNING: [Synth 8-324] index 70 out of range [C:/Users/Juan/Desktop/ARQUI-FINAL/project_6.srcs/sources_1/new/fp_addsubb.v:126]
WARNING: [Synth 8-324] index 71 out of range [C:/Users/Juan/Desktop/ARQUI-FINAL/project_6.srcs/sources_1/new/fp_addsubb.v:126]
WARNING: [Synth 8-324] index 72 out of range [C:/Users/Juan/Desktop/ARQUI-FINAL/project_6.srcs/sources_1/new/fp_addsubb.v:126]
WARNING: [Synth 8-324] index 73 out of range [C:/Users/Juan/Desktop/ARQUI-FINAL/project_6.srcs/sources_1/new/fp_addsubb.v:126]
WARNING: [Synth 8-324] index 74 out of range [C:/Users/Juan/Desktop/ARQUI-FINAL/project_6.srcs/sources_1/new/fp_addsubb.v:126]
WARNING: [Synth 8-324] index 75 out of range [C:/Users/Juan/Desktop/ARQUI-FINAL/project_6.srcs/sources_1/new/fp_addsubb.v:126]
WARNING: [Synth 8-324] index 76 out of range [C:/Users/Juan/Desktop/ARQUI-FINAL/project_6.srcs/sources_1/new/fp_addsubb.v:126]
WARNING: [Synth 8-324] index 77 out of range [C:/Users/Juan/Desktop/ARQUI-FINAL/project_6.srcs/sources_1/new/fp_addsubb.v:126]
INFO: [Common 17-14] Message 'Synth 8-324' appears 100 times and further instances of the messages will be disabled. Use the Tcl command set_msg_config to change the current settings.
INFO: [Synth 8-6155] done synthesizing module 'fp_addsub__parameterized0' (0#1) [C:/Users/Juan/Desktop/ARQUI-FINAL/project_6.srcs/sources_1/new/fp_addsubb.v:5]
INFO: [Synth 8-6157] synthesizing module 'fp_mul__parameterized0' [C:/Users/Juan/Desktop/ARQUI-FINAL/project_6.srcs/sources_1/new/fp_mul.v:5]
	Parameter W bound to: 32 - type: integer 
	Parameter E bound to: 8 - type: integer 
	Parameter M bound to: 23 - type: integer 
INFO: [Synth 8-6155] done synthesizing module 'fp_mul__parameterized0' (0#1) [C:/Users/Juan/Desktop/ARQUI-FINAL/project_6.srcs/sources_1/new/fp_mul.v:5]
INFO: [Synth 8-6157] synthesizing module 'fp_div__parameterized0' [C:/Users/Juan/Desktop/ARQUI-FINAL/project_6.srcs/sources_1/new/fp_div.v:5]
	Parameter W bound to: 32 - type: integer 
	Parameter E bound to: 8 - type: integer 
	Parameter M bound to: 23 - type: integer 
INFO: [Synth 8-6155] done synthesizing module 'fp_div__parameterized0' (0#1) [C:/Users/Juan/Desktop/ARQUI-FINAL/project_6.srcs/sources_1/new/fp_div.v:5]
INFO: [Synth 8-6155] done synthesizing module 'fp_alu' (0#1) [C:/Users/Juan/Desktop/ARQUI-FINAL/project_6.srcs/sources_1/new/fp_alu.v:4]
INFO: [Synth 8-6155] done synthesizing module 'top_basys3' (0#1) [C:/Users/Juan/Desktop/ARQUI-FINAL/project_6.srcs/sources_1/new/top_basys3.v:13]
WARNING: [Synth 8-7129] Port rnd[1] in module fp_div__parameterized0 is either unconnected or has no load
WARNING: [Synth 8-7129] Port rnd[0] in module fp_div__parameterized0 is either unconnected or has no load
WARNING: [Synth 8-7129] Port rnd[1] in module fp_mul__parameterized0 is either unconnected or has no load
WARNING: [Synth 8-7129] Port rnd[0] in module fp_mul__parameterized0 is either unconnected or has no load
WARNING: [Synth 8-7129] Port rnd[1] in module fp_addsub__parameterized0 is either unconnected or has no load
WARNING: [Synth 8-7129] Port rnd[0] in module fp_addsub__parameterized0 is either unconnected or has no load
WARNING: [Synth 8-7129] Port rnd[1] in module fp_div is either unconnected or has no load
WARNING: [Synth 8-7129] Port rnd[0] in module fp_div is either unconnected or has no load
WARNING: [Synth 8-7129] Port rnd[1] in module fp_mul is either unconnected or has no load
WARNING: [Synth 8-7129] Port rnd[0] in module fp_mul is either unconnected or has no load
WARNING: [Synth 8-7129] Port rnd[1] in module fp_addsub is either unconnected or has no load
WARNING: [Synth 8-7129] Port rnd[0] in module fp_addsub is either unconnected or has no load
---------------------------------------------------------------------------------
Finished RTL Elaboration : Time (s): cpu = 00:00:09 ; elapsed = 00:00:10 . Memory (MB): peak = 1474.434 ; gain = 789.156
---------------------------------------------------------------------------------
---------------------------------------------------------------------------------
Start Handling Custom Attributes
---------------------------------------------------------------------------------
---------------------------------------------------------------------------------
Finished Handling Custom Attributes : Time (s): cpu = 00:00:09 ; elapsed = 00:00:10 . Memory (MB): peak = 1474.434 ; gain = 789.156
---------------------------------------------------------------------------------
---------------------------------------------------------------------------------
Finished RTL Optimization Phase 1 : Time (s): cpu = 00:00:09 ; elapsed = 00:00:10 . Memory (MB): peak = 1474.434 ; gain = 789.156
---------------------------------------------------------------------------------
Netlist sorting complete. Time (s): cpu = 00:00:00 ; elapsed = 00:00:00.030 . Memory (MB): peak = 1474.434 ; gain = 0.000
INFO: [Project 1-570] Preparing netlist for logic optimization

Processing XDC Constraints
Initializing timing engine
Parsing XDC File [C:/Users/Juan/Desktop/ARQUI-FINAL/project_6.srcs/constrs_1/new/Basys3_ALU.xdc]
Finished Parsing XDC File [C:/Users/Juan/Desktop/ARQUI-FINAL/project_6.srcs/constrs_1/new/Basys3_ALU.xdc]
INFO: [Project 1-236] Implementation specific constraints were found while reading constraint file [C:/Users/Juan/Desktop/ARQUI-FINAL/project_6.srcs/constrs_1/new/Basys3_ALU.xdc]. These constraints will be ignored for synthesis but will be used in implementation. Impacted constraints are listed in the file [.Xil/top_basys3_propImpl.xdc].
Resolution: To avoid this warning, move constraints listed in [.Xil/top_basys3_propImpl.xdc] to another XDC file and exclude this new file from synthesis with the used_in_synthesis property (File Properties dialog in GUI) and re-run elaboration/synthesis.
Completed Processing XDC Constraints

Netlist sorting complete. Time (s): cpu = 00:00:00 ; elapsed = 00:00:00 . Memory (MB): peak = 1505.367 ; gain = 0.000
INFO: [Project 1-111] Unisim Transformation Summary:
No Unisim elements were transformed.

Constraint Validation Runtime : Time (s): cpu = 00:00:00 ; elapsed = 00:00:00.005 . Memory (MB): peak = 1505.367 ; gain = 0.000
INFO: [Designutils 20-5440] No compile time benefit to using incremental synthesis; A full resynthesis will be run
INFO: [Designutils 20-4379] Flow is switching to default flow due to incremental criteria not met. If you would like to alter this behaviour and have the flow terminate instead, please set the following parameter config_implementation {autoIncr.Synth.RejectBehavior Terminate}
---------------------------------------------------------------------------------
Finished Constraint Validation : Time (s): cpu = 00:00:15 ; elapsed = 00:00:17 . Memory (MB): peak = 1505.367 ; gain = 820.090
---------------------------------------------------------------------------------
---------------------------------------------------------------------------------
Start Loading Part and Timing Information
---------------------------------------------------------------------------------
Loading part: xc7a35tcpg236-1
---------------------------------------------------------------------------------
Finished Loading Part and Timing Information : Time (s): cpu = 00:00:15 ; elapsed = 00:00:17 . Memory (MB): peak = 1505.367 ; gain = 820.090
---------------------------------------------------------------------------------
---------------------------------------------------------------------------------
Start Applying 'set_property' XDC Constraints
---------------------------------------------------------------------------------
---------------------------------------------------------------------------------
Finished applying 'set_property' XDC Constraints : Time (s): cpu = 00:00:15 ; elapsed = 00:00:17 . Memory (MB): peak = 1505.367 ; gain = 820.090
---------------------------------------------------------------------------------
---------------------------------------------------------------------------------
Finished RTL Optimization Phase 2 : Time (s): cpu = 00:00:16 ; elapsed = 00:00:18 . Memory (MB): peak = 1505.367 ; gain = 820.090
---------------------------------------------------------------------------------
---------------------------------------------------------------------------------
Start RTL Component Statistics 
---------------------------------------------------------------------------------
Detailed RTL Component Info : 
+---Adders : 
	   3 Input   28 Bit       Adders := 2     
	   2 Input   24 Bit       Adders := 4     
	   3 Input   15 Bit       Adders := 2     
	   2 Input   11 Bit       Adders := 4     
	   3 Input    9 Bit       Adders := 3     
	   2 Input    9 Bit       Adders := 57    
	   4 Input    9 Bit       Adders := 1     
	   3 Input    6 Bit       Adders := 3     
	   2 Input    6 Bit       Adders := 31    
	   4 Input    6 Bit       Adders := 1     
	   2 Input    2 Bit       Adders := 1     
+---XORs : 
	   2 Input      1 Bit         XORs := 8     
+---Registers : 
	               32 Bit    Registers := 1     
	               16 Bit    Registers := 3     
	                5 Bit    Registers := 3     
	                2 Bit    Registers := 1     
	                1 Bit    Registers := 4     
+---Muxes : 
	   2 Input   32 Bit        Muxes := 19    
	   2 Input   28 Bit        Muxes := 2     
	   2 Input   27 Bit        Muxes := 104   
	   2 Input   24 Bit        Muxes := 8     
	   2 Input   23 Bit        Muxes := 8     
	   2 Input   16 Bit        Muxes := 19    
	   2 Input   15 Bit        Muxes := 2     
	   2 Input   14 Bit        Muxes := 52    
	   2 Input   11 Bit        Muxes := 8     
	   2 Input   10 Bit        Muxes := 9     
	   2 Input    9 Bit        Muxes := 111   
	   2 Input    8 Bit        Muxes := 4     
	   2 Input    7 Bit        Muxes := 1     
	   2 Input    6 Bit        Muxes := 59    
	   2 Input    5 Bit        Muxes := 9     
	   2 Input    3 Bit        Muxes := 8     
	   2 Input    1 Bit        Muxes := 141   
---------------------------------------------------------------------------------
Finished RTL Component Statistics 
---------------------------------------------------------------------------------
---------------------------------------------------------------------------------
Start Part Resource Summary
---------------------------------------------------------------------------------
Part Resources:
DSPs: 90 (col length:60)
BRAMs: 100 (col length: RAMB18 60 RAMB36 30)
---------------------------------------------------------------------------------
Finished Part Resource Summary
---------------------------------------------------------------------------------
---------------------------------------------------------------------------------
Start Cross Boundary and Area Optimization
---------------------------------------------------------------------------------
WARNING: [Synth 8-7080] Parallel synthesis criteria is not met
DSP Report: Generating DSP grs1, operation Mode is: A*B.
DSP Report: operator grs1 is absorbed into DSP grs1.
DSP Report: Generating DSP grs1, operation Mode is: A*B.
DSP Report: operator grs1 is absorbed into DSP grs1.
DSP Report: operator grs1 is absorbed into DSP grs1.
DSP Report: Generating DSP grs1, operation Mode is: (PCIN>>17)+A*B.
DSP Report: operator grs1 is absorbed into DSP grs1.
DSP Report: operator grs1 is absorbed into DSP grs1.
WARNING: [Synth 8-7129] Port rnd[1] in module fp_div__parameterized0 is either unconnected or has no load
WARNING: [Synth 8-7129] Port rnd[0] in module fp_div__parameterized0 is either unconnected or has no load
WARNING: [Synth 8-7129] Port rnd[1] in module fp_mul__parameterized0 is either unconnected or has no load
WARNING: [Synth 8-7129] Port rnd[0] in module fp_mul__parameterized0 is either unconnected or has no load
WARNING: [Synth 8-7129] Port rnd[1] in module fp_div is either unconnected or has no load
WARNING: [Synth 8-7129] Port rnd[0] in module fp_div is either unconnected or has no load
WARNING: [Synth 8-7129] Port rnd[1] in module fp_mul is either unconnected or has no load
WARNING: [Synth 8-7129] Port rnd[0] in module fp_mul is either unconnected or has no load
---------------------------------------------------------------------------------
Finished Cross Boundary and Area Optimization : Time (s): cpu = 00:00:57 ; elapsed = 00:01:02 . Memory (MB): peak = 1617.324 ; gain = 932.047
---------------------------------------------------------------------------------
 Sort Area is  grs1_2 : 0 0 : 3446 4760 : Used 1 time 0
 Sort Area is  grs1_2 : 0 1 : 1314 4760 : Used 1 time 0
 Sort Area is  grs1_0 : 0 0 : 863 863 : Used 1 time 0
---------------------------------------------------------------------------------
Start ROM, RAM, DSP, Shift Register and Retiming Reporting
---------------------------------------------------------------------------------

DSP: Preliminary Mapping Report (see note below. The ' indicates corresponding REG is set)
+------------+----------------+--------+--------+--------+--------+--------+------+------+------+------+-------+------+------+
|Module Name | DSP Mapping    | A Size | B Size | C Size | D Size | P Size | AREG | BREG | CREG | DREG | ADREG | MREG | PREG | 
+------------+----------------+--------+--------+--------+--------+--------+------+------+------+------+-------+------+------+
|fp_mul      | A*B            | 11     | 11     | -      | -      | 22     | 0    | 0    | -    | -    | -     | 0    | 0    | 
|fp_mul      | A*B            | 25     | 18     | -      | -      | 48     | 0    | 0    | -    | -    | -     | 0    | 0    | 
|fp_mul      | (PCIN>>17)+A*B | 25     | 8      | -      | -      | 31     | 0    | 0    | -    | -    | -     | 0    | 0    | 
+------------+----------------+--------+--------+--------+--------+--------+------+------+------+------+-------+------+------+

Note: The table above is a preliminary report that shows the DSPs inferred at the current stage of the synthesis flow. Some DSP may be reimplemented as non DSP primitives later in the synthesis flow. Multiple instantiated DSPs are reported only once.
---------------------------------------------------------------------------------
Finished ROM, RAM, DSP, Shift Register and Retiming Reporting
---------------------------------------------------------------------------------
---------------------------------------------------------------------------------
Start Applying XDC Timing Constraints
---------------------------------------------------------------------------------
---------------------------------------------------------------------------------
Finished Applying XDC Timing Constraints : Time (s): cpu = 00:01:03 ; elapsed = 00:01:08 . Memory (MB): peak = 1618.590 ; gain = 933.312
---------------------------------------------------------------------------------
---------------------------------------------------------------------------------
Start Timing Optimization
---------------------------------------------------------------------------------
---------------------------------------------------------------------------------
Finished Timing Optimization : Time (s): cpu = 00:01:12 ; elapsed = 00:01:18 . Memory (MB): peak = 1837.988 ; gain = 1152.711
---------------------------------------------------------------------------------
---------------------------------------------------------------------------------
Start Technology Mapping
---------------------------------------------------------------------------------
---------------------------------------------------------------------------------
Finished Technology Mapping : Time (s): cpu = 00:01:12 ; elapsed = 00:01:18 . Memory (MB): peak = 1848.059 ; gain = 1162.781
---------------------------------------------------------------------------------
---------------------------------------------------------------------------------
Start IO Insertion
---------------------------------------------------------------------------------
---------------------------------------------------------------------------------
Start Flattening Before IO Insertion
---------------------------------------------------------------------------------
---------------------------------------------------------------------------------
Finished Flattening Before IO Insertion
---------------------------------------------------------------------------------
---------------------------------------------------------------------------------
Start Final Netlist Cleanup
---------------------------------------------------------------------------------
---------------------------------------------------------------------------------
Finished Final Netlist Cleanup
---------------------------------------------------------------------------------
---------------------------------------------------------------------------------
Finished IO Insertion : Time (s): cpu = 00:01:15 ; elapsed = 00:01:22 . Memory (MB): peak = 1920.977 ; gain = 1235.699
---------------------------------------------------------------------------------
---------------------------------------------------------------------------------
Start Renaming Generated Instances
---------------------------------------------------------------------------------
---------------------------------------------------------------------------------
Finished Renaming Generated Instances : Time (s): cpu = 00:01:15 ; elapsed = 00:01:22 . Memory (MB): peak = 1920.977 ; gain = 1235.699
---------------------------------------------------------------------------------
---------------------------------------------------------------------------------
Start Rebuilding User Hierarchy
---------------------------------------------------------------------------------
---------------------------------------------------------------------------------
Finished Rebuilding User Hierarchy : Time (s): cpu = 00:01:15 ; elapsed = 00:01:22 . Memory (MB): peak = 1920.977 ; gain = 1235.699
---------------------------------------------------------------------------------
---------------------------------------------------------------------------------
Start Renaming Generated Ports
---------------------------------------------------------------------------------
---------------------------------------------------------------------------------
Finished Renaming Generated Ports : Time (s): cpu = 00:01:15 ; elapsed = 00:01:22 . Memory (MB): peak = 1920.977 ; gain = 1235.699
---------------------------------------------------------------------------------
---------------------------------------------------------------------------------
Start Handling Custom Attributes
---------------------------------------------------------------------------------
---------------------------------------------------------------------------------
Finished Handling Custom Attributes : Time (s): cpu = 00:01:15 ; elapsed = 00:01:22 . Memory (MB): peak = 1920.977 ; gain = 1235.699
---------------------------------------------------------------------------------
---------------------------------------------------------------------------------
Start Renaming Generated Nets
---------------------------------------------------------------------------------
---------------------------------------------------------------------------------
Finished Renaming Generated Nets : Time (s): cpu = 00:01:15 ; elapsed = 00:01:22 . Memory (MB): peak = 1920.977 ; gain = 1235.699
---------------------------------------------------------------------------------
---------------------------------------------------------------------------------
Start Writing Synthesis Report
---------------------------------------------------------------------------------

DSP Final Report (the ' indicates corresponding REG is set)
+------------+-------------+--------+--------+--------+--------+--------+------+------+------+------+-------+------+------+
|Module Name | DSP Mapping | A Size | B Size | C Size | D Size | P Size | AREG | BREG | CREG | DREG | ADREG | MREG | PREG | 
+------------+-------------+--------+--------+--------+--------+--------+------+------+------+------+-------+------+------+
|fp_mul      | A*B         | 11     | 11     | -      | -      | 22     | 0    | 0    | -    | -    | -     | 0    | 0    | 
+------------+-------------+--------+--------+--------+--------+--------+------+------+------+------+-------+------+------+


Report BlackBoxes: 
+-+--------------+----------+
| |BlackBox name |Instances |
+-+--------------+----------+
+-+--------------+----------+

Report Cell Usage: 
+------+--------+------+
|      |Cell    |Count |
+------+--------+------+
|1     |BUFG    |     1|
|2     |CARRY4  |   205|
|3     |DSP48E1 |     1|
|4     |LUT1    |    41|
|5     |LUT2    |   170|
|6     |LUT3    |   591|
|7     |LUT4    |   115|
|8     |LUT5    |   255|
|9     |LUT6    |   402|
|10    |FDCE    |    21|
|11    |FDRE    |    63|
|12    |IBUF    |    22|
|13    |OBUF    |    16|
+------+--------+------+
---------------------------------------------------------------------------------
Finished Writing Synthesis Report : Time (s): cpu = 00:01:15 ; elapsed = 00:01:22 . Memory (MB): peak = 1920.977 ; gain = 1235.699
---------------------------------------------------------------------------------
Synthesis finished with 0 errors, 0 critical warnings and 9 warnings.
Synthesis Optimization Runtime : Time (s): cpu = 00:01:05 ; elapsed = 00:01:20 . Memory (MB): peak = 1920.977 ; gain = 1204.766
Synthesis Optimization Complete : Time (s): cpu = 00:01:16 ; elapsed = 00:01:22 . Memory (MB): peak = 1920.977 ; gain = 1235.699
INFO: [Project 1-571] Translating synthesized netlist
Netlist sorting complete. Time (s): cpu = 00:00:00 ; elapsed = 00:00:00.011 . Memory (MB): peak = 1930.164 ; gain = 0.000
INFO: [Netlist 29-17] Analyzing 206 Unisim elements for replacement
INFO: [Netlist 29-28] Unisim Transformation completed in 0 CPU seconds
INFO: [Project 1-570] Preparing netlist for logic optimization
INFO: [Opt 31-138] Pushed 0 inverter(s) to 0 load pin(s).
Netlist sorting complete. Time (s): cpu = 00:00:00 ; elapsed = 00:00:00.001 . Memory (MB): peak = 1933.809 ; gain = 0.000
INFO: [Project 1-111] Unisim Transformation Summary:
No Unisim elements were transformed.

Synth Design complete | Checksum: d3931e79
INFO: [Common 17-83] Releasing license: Synthesis
40 Infos, 121 Warnings, 0 Critical Warnings and 0 Errors encountered.
synth_design completed successfully
synth_design: Time (s): cpu = 00:01:18 ; elapsed = 00:01:27 . Memory (MB): peak = 1933.809 ; gain = 1433.113
Write ShapeDB Complete: Time (s): cpu = 00:00:00 ; elapsed = 00:00:00.004 . Memory (MB): peak = 1933.809 ; gain = 0.000
INFO: [Common 17-1381] The checkpoint 'C:/Users/Juan/Desktop/ARQUI-FINAL/project_6.runs/synth_1/top_basys3.dcp' has been generated.
INFO: [Vivado 12-24828] Executing command : report_utilization -file top_basys3_utilization_synth.rpt -pb top_basys3_utilization_synth.pb
INFO: [Common 17-206] Exiting Vivado at Sun Oct 19 11:33:45 2025...
